Determining if the pthread_create exist failed with the following output:
Change Dir: /home/hoobie/stereo/compare_src/CMakeFiles/CMakeTmp

Run Build Command:"/usr/bin/make" "cmTC_3089d/fast"
/usr/bin/make -f CMakeFiles/cmTC_3089d.dir/build.make CMakeFiles/cmTC_3089d.dir/build
make[1]: Entering directory '/home/hoobie/stereo/compare_src/CMakeFiles/CMakeTmp'
Building C object CMakeFiles/cmTC_3089d.dir/CheckSymbolExists.c.o
/usr/bin/cc    -fPIC    -o CMakeFiles/cmTC_3089d.dir/CheckSymbolExists.c.o   -c /home/hoobie/stereo/compare_src/CMakeFiles/CMakeTmp/CheckSymbolExists.c
Linking C executable cmTC_3089d
/usr/bin/cmake -E cmake_link_script CMakeFiles/cmTC_3089d.dir/link.txt --verbose=1
/usr/bin/cc  -fPIC     CMakeFiles/cmTC_3089d.dir/CheckSymbolExists.c.o  -o cmTC_3089d -rdynamic 
CMakeFiles/cmTC_3089d.dir/CheckSymbolExists.c.o: In function `main':
CheckSymbolExists.c:(.text+0x1b): undefined reference to `pthread_create'
collect2: error: ld returned 1 exit status
CMakeFiles/cmTC_3089d.dir/build.make:97: recipe for target 'cmTC_3089d' failed
make[1]: *** [cmTC_3089d] Error 1
make[1]: Leaving directory '/home/hoobie/stereo/compare_src/CMakeFiles/CMakeTmp'
Makefile:126: recipe for target 'cmTC_3089d/fast' failed
make: *** [cmTC_3089d/fast] Error 2

File /home/hoobie/stereo/compare_src/CMakeFiles/CMakeTmp/CheckSymbolExists.c:
/* */
#include <pthread.h>

int main(int argc, char** argv)
{
  (void)argv;
#ifndef pthread_create
  return ((int*)(&pthread_create))[argc];
#else
  (void)argc;
  return 0;
#endif
}

Determining if the function pthread_create exists in the pthreads failed with the following output:
Change Dir: /home/hoobie/stereo/compare_src/CMakeFiles/CMakeTmp

Run Build Command:"/usr/bin/make" "cmTC_895af/fast"
/usr/bin/make -f CMakeFiles/cmTC_895af.dir/build.make CMakeFiles/cmTC_895af.dir/build
make[1]: Entering directory '/home/hoobie/stereo/compare_src/CMakeFiles/CMakeTmp'
Building C object CMakeFiles/cmTC_895af.dir/CheckFunctionExists.c.o
/usr/bin/cc    -fPIC -DCHECK_FUNCTION_EXISTS=pthread_create   -o CMakeFiles/cmTC_895af.dir/CheckFunctionExists.c.o   -c /usr/share/cmake-3.5/Modules/CheckFunctionExists.c
Linking C executable cmTC_895af
/usr/bin/cmake -E cmake_link_script CMakeFiles/cmTC_895af.dir/link.txt --verbose=1
/usr/bin/cc  -fPIC -DCHECK_FUNCTION_EXISTS=pthread_create    CMakeFiles/cmTC_895af.dir/CheckFunctionExists.c.o  -o cmTC_895af -rdynamic -lpthreads 
/usr/bin/ld: cannot find -lpthreads
collect2: error: ld returned 1 exit status
CMakeFiles/cmTC_895af.dir/build.make:97: recipe for target 'cmTC_895af' failed
make[1]: *** [cmTC_895af] Error 1
make[1]: Leaving directory '/home/hoobie/stereo/compare_src/CMakeFiles/CMakeTmp'
Makefile:126: recipe for target 'cmTC_895af/fast' failed
make: *** [cmTC_895af/fast] Error 2


